<?xml version="1.0" encoding="UTF-8"?>
<testng-results ignored="0" total="2" passed="2" failed="0" skipped="0">
  <reporter-output>
  </reporter-output>
  <suite started-at="2024-11-24T22:36:22 IST" name="SouceSuite" finished-at="2024-11-24T22:36:37 IST" duration-ms="15168">
    <groups>
      <group name="cucumber">
        <method signature="AbstractTestNGCucumberTests.runScenario(io.cucumber.testng.PickleWrapper,io.cucumber.testng.FeatureWrapper)[pri:0, instance:cucumberOption.SauseRunner@367ffa75]" name="runScenario" class="io.cucumber.testng.AbstractTestNGCucumberTests"/>
      </group> <!-- cucumber -->
    </groups>
    <test started-at="2024-11-24T22:36:22 IST" name="CouceTest" finished-at="2024-11-24T22:36:37 IST" duration-ms="15168">
      <class name="cucumberOption.SauseRunner">
        <test-method is-config="true" signature="setUpClass(org.testng.ITestContext)[pri:0, instance:cucumberOption.SauseRunner@367ffa75]" started-at="2024-11-24T22:36:22 IST" name="setUpClass" finished-at="2024-11-24T22:36:22 IST" duration-ms="715" status="PASS">
          <params>
            <param index="0">
              <value>
                <![CDATA[org.testng.TestRunner@2de3b052]]>
              </value>
            </param>
          </params>
          <reporter-output>
          </reporter-output>
        </test-method> <!-- setUpClass -->
        <test-method signature="runScenario(io.cucumber.testng.PickleWrapper,io.cucumber.testng.FeatureWrapper)[pri:0, instance:cucumberOption.SauseRunner@367ffa75]" started-at="2024-11-24T22:36:22 IST" name="runScenario" description="Runs Cucumber Scenarios" data-provider="scenarios" finished-at="2024-11-24T22:36:30 IST" duration-ms="7507" status="PASS">
          <params>
            <param index="0">
              <value>
                <![CDATA["Select two different product"]]>
              </value>
            </param>
            <param index="1">
              <value>
                <![CDATA["Login Page for SouceDemo Domain"]]>
              </value>
            </param>
          </params>
          <reporter-output>
          </reporter-output>
        </test-method> <!-- runScenario -->
        <test-method signature="runScenario(io.cucumber.testng.PickleWrapper,io.cucumber.testng.FeatureWrapper)[pri:0, instance:cucumberOption.SauseRunner@367ffa75]" started-at="2024-11-24T22:36:30 IST" name="runScenario" description="Runs Cucumber Scenarios" data-provider="scenarios" finished-at="2024-11-24T22:36:37 IST" duration-ms="6817" status="PASS">
          <params>
            <param index="0">
              <value>
                <![CDATA["verify cart product list and check checkouts"]]>
              </value>
            </param>
            <param index="1">
              <value>
                <![CDATA["Login Page for SouceDemo Domain"]]>
              </value>
            </param>
          </params>
          <reporter-output>
          </reporter-output>
        </test-method> <!-- runScenario -->
        <test-method is-config="true" signature="tearDownClass()[pri:0, instance:cucumberOption.SauseRunner@367ffa75]" started-at="2024-11-24T22:36:37 IST" name="tearDownClass" finished-at="2024-11-24T22:36:37 IST" duration-ms="80" status="PASS">
          <reporter-output>
          </reporter-output>
        </test-method> <!-- tearDownClass -->
      </class> <!-- cucumberOption.SauseRunner -->
    </test> <!-- CouceTest -->
  </suite> <!-- SouceSuite -->
</testng-results>
